<?xml version="1.0" encoding="UTF-8"?>
<!-- Generated by org.testng.reporters.JUnitXMLReporter -->
<testsuite ignored="0" hostname="DESKTOP-FCFG2N4" failures="0" tests="7" name="Project Yad2 OOPs" time="418.818" errors="0" timestamp="2024-06-30T23:13:05 IDT">
  <testcase classname="Yad2.Tests.TopMenuTitlesTest01" name="TopMenuTitlesTest01" time="80.606"/>
  <testcase classname="Yad2.Tests.TopMiddleMenuCarTitlesComparedTest02" name="TopMiddleMenuCarTitlesComparedTest02" time="160.065"/>
  <testcase classname="Yad2.Tests.VehicleTypesComparisonTest03" name="VehicleTypesComparisonTest03" time="43.153"/>
  <testcase classname="Yad2.Tests.TruckSearchComparisonTest04" name="TruckSearchComparisonTest04" time="24.105"/>
  <testcase classname="Yad2.Tests.TruckSortingComparisonTest05" name="TruckSortingComparisonTest05" time="25.352"/>
  <testcase classname="Yad2.Tests.TruckSearchDetailedPageComparisonTest06" name="TruckSearchDetailedPageComparisonTest06" time="10.309"/>
  <testcase classname="Yad2.Tests.BackToHomePageTest07" name="BackToHomePageTest07" time="9.809"/>
</testsuite> <!-- Project Yad2 OOPs -->
