<?xml version="1.0" encoding="UTF-8"?>
<testng-results ignored="0" total="8" passed="8" failed="0" skipped="0">
  <reporter-output>
  </reporter-output>
  <suite started-at="2024-06-30T23:06:06 IDT" name="Suite" finished-at="2024-06-30T23:13:05 IDT" duration-ms="418818">
    <groups>
    </groups>
    <test started-at="2024-06-30T23:06:06 IDT" name="Error Validation Test" finished-at="2024-06-30T23:07:24 IDT" duration-ms="77983">
      <class name="Yad2.Tests.ErrorValidation">
        <test-method is-config="true" signature="launchApplication()[pri:0, instance:Yad2.Tests.ErrorValidation@34b9f960]" started-at="2024-06-30T23:06:06 IDT" name="launchApplication" finished-at="2024-06-30T23:06:19 IDT" duration-ms="12929" status="PASS">
          <reporter-output>
          </reporter-output>
        </test-method> <!-- launchApplication -->
        <test-method signature="ErrorValidation()[pri:0, instance:Yad2.Tests.ErrorValidation@34b9f960]" started-at="2024-06-30T23:06:19 IDT" name="ErrorValidation" finished-at="2024-06-30T23:06:40 IDT" duration-ms="20663" status="PASS">
          <reporter-output>
          </reporter-output>
        </test-method> <!-- ErrorValidation -->
        <test-method is-config="true" signature="closeBrowser()[pri:0, instance:Yad2.Tests.ErrorValidation@34b9f960]" started-at="2024-06-30T23:06:40 IDT" name="closeBrowser" finished-at="2024-06-30T23:07:24 IDT" duration-ms="44286" status="PASS">
          <reporter-output>
          </reporter-output>
        </test-method> <!-- closeBrowser -->
      </class> <!-- Yad2.Tests.ErrorValidation -->
    </test> <!-- Error Validation Test -->
    <test started-at="2024-06-30T23:06:06 IDT" name="Project Yad2 OOPs" finished-at="2024-06-30T23:13:05 IDT" duration-ms="418818">
      <class name="Yad2.Tests.TruckSearchComparisonTest04">
        <test-method is-config="true" signature="launchApplication()[pri:0, instance:Yad2.Tests.TruckSearchComparisonTest04@18317edc]" started-at="2024-06-30T23:11:25 IDT" name="launchApplication" finished-at="2024-06-30T23:11:30 IDT" duration-ms="4440" status="PASS">
          <reporter-output>
          </reporter-output>
        </test-method> <!-- launchApplication -->
        <test-method signature="TruckSearchComparisonTest04()[pri:0, instance:Yad2.Tests.TruckSearchComparisonTest04@18317edc]" started-at="2024-06-30T23:11:30 IDT" name="TruckSearchComparisonTest04" finished-at="2024-06-30T23:11:54 IDT" duration-ms="24105" status="PASS">
          <reporter-output>
          </reporter-output>
        </test-method> <!-- TruckSearchComparisonTest04 -->
        <test-method is-config="true" signature="closeBrowser()[pri:0, instance:Yad2.Tests.TruckSearchComparisonTest04@18317edc]" started-at="2024-06-30T23:11:54 IDT" name="closeBrowser" finished-at="2024-06-30T23:11:57 IDT" duration-ms="3448" status="PASS">
          <reporter-output>
          </reporter-output>
        </test-method> <!-- closeBrowser -->
      </class> <!-- Yad2.Tests.TruckSearchComparisonTest04 -->
      <class name="Yad2.Tests.TopMenuTitlesTest01">
        <test-method is-config="true" signature="launchApplication()[pri:0, instance:Yad2.Tests.TopMenuTitlesTest01@503f91c3]" started-at="2024-06-30T23:06:06 IDT" name="launchApplication" finished-at="2024-06-30T23:06:20 IDT" duration-ms="13291" status="PASS">
          <reporter-output>
          </reporter-output>
        </test-method> <!-- launchApplication -->
        <test-method signature="TopMenuTitlesTest01()[pri:0, instance:Yad2.Tests.TopMenuTitlesTest01@503f91c3]" started-at="2024-06-30T23:06:20 IDT" name="TopMenuTitlesTest01" finished-at="2024-06-30T23:07:40 IDT" duration-ms="80606" status="PASS">
          <reporter-output>
          </reporter-output>
        </test-method> <!-- TopMenuTitlesTest01 -->
        <test-method is-config="true" signature="closeBrowser()[pri:0, instance:Yad2.Tests.TopMenuTitlesTest01@503f91c3]" started-at="2024-06-30T23:07:40 IDT" name="closeBrowser" finished-at="2024-06-30T23:07:44 IDT" duration-ms="3924" status="PASS">
          <reporter-output>
          </reporter-output>
        </test-method> <!-- closeBrowser -->
      </class> <!-- Yad2.Tests.TopMenuTitlesTest01 -->
      <class name="Yad2.Tests.TopMiddleMenuCarTitlesComparedTest02">
        <test-method is-config="true" signature="launchApplication()[pri:0, instance:Yad2.Tests.TopMiddleMenuCarTitlesComparedTest02@2c78324b]" started-at="2024-06-30T23:07:44 IDT" name="launchApplication" finished-at="2024-06-30T23:07:49 IDT" duration-ms="4635" status="PASS">
          <reporter-output>
          </reporter-output>
        </test-method> <!-- launchApplication -->
        <test-method signature="TopMiddleMenuCarTitlesComparedTest02()[pri:0, instance:Yad2.Tests.TopMiddleMenuCarTitlesComparedTest02@2c78324b]" started-at="2024-06-30T23:07:49 IDT" name="TopMiddleMenuCarTitlesComparedTest02" finished-at="2024-06-30T23:10:29 IDT" duration-ms="160065" status="PASS">
          <reporter-output>
          </reporter-output>
        </test-method> <!-- TopMiddleMenuCarTitlesComparedTest02 -->
        <test-method is-config="true" signature="closeBrowser()[pri:0, instance:Yad2.Tests.TopMiddleMenuCarTitlesComparedTest02@2c78324b]" started-at="2024-06-30T23:10:29 IDT" name="closeBrowser" finished-at="2024-06-30T23:10:33 IDT" duration-ms="4345" status="PASS">
          <reporter-output>
          </reporter-output>
        </test-method> <!-- closeBrowser -->
      </class> <!-- Yad2.Tests.TopMiddleMenuCarTitlesComparedTest02 -->
      <class name="Yad2.Tests.BackToHomePageTest07">
        <test-method is-config="true" signature="launchApplication()[pri:0, instance:Yad2.Tests.BackToHomePageTest07@4b86805d]" started-at="2024-06-30T23:12:48 IDT" name="launchApplication" finished-at="2024-06-30T23:12:52 IDT" duration-ms="3930" status="PASS">
          <reporter-output>
          </reporter-output>
        </test-method> <!-- launchApplication -->
        <test-method signature="BackToHomePageTest07()[pri:0, instance:Yad2.Tests.BackToHomePageTest07@4b86805d]" started-at="2024-06-30T23:12:52 IDT" name="BackToHomePageTest07" finished-at="2024-06-30T23:13:02 IDT" duration-ms="9809" status="PASS">
          <reporter-output>
          </reporter-output>
        </test-method> <!-- BackToHomePageTest07 -->
        <test-method is-config="true" signature="closeBrowser()[pri:0, instance:Yad2.Tests.BackToHomePageTest07@4b86805d]" started-at="2024-06-30T23:13:02 IDT" name="closeBrowser" finished-at="2024-06-30T23:13:05 IDT" duration-ms="3432" status="PASS">
          <reporter-output>
          </reporter-output>
        </test-method> <!-- closeBrowser -->
      </class> <!-- Yad2.Tests.BackToHomePageTest07 -->
      <class name="Yad2.Tests.VehicleTypesComparisonTest03">
        <test-method is-config="true" signature="launchApplication()[pri:0, instance:Yad2.Tests.VehicleTypesComparisonTest03@79defdc]" started-at="2024-06-30T23:10:33 IDT" name="launchApplication" finished-at="2024-06-30T23:10:39 IDT" duration-ms="5551" status="PASS">
          <reporter-output>
          </reporter-output>
        </test-method> <!-- launchApplication -->
        <test-method signature="VehicleTypesComparisonTest03()[pri:0, instance:Yad2.Tests.VehicleTypesComparisonTest03@79defdc]" started-at="2024-06-30T23:10:39 IDT" name="VehicleTypesComparisonTest03" finished-at="2024-06-30T23:11:22 IDT" duration-ms="43153" status="PASS">
          <reporter-output>
          </reporter-output>
        </test-method> <!-- VehicleTypesComparisonTest03 -->
        <test-method is-config="true" signature="closeBrowser()[pri:0, instance:Yad2.Tests.VehicleTypesComparisonTest03@79defdc]" started-at="2024-06-30T23:11:22 IDT" name="closeBrowser" finished-at="2024-06-30T23:11:25 IDT" duration-ms="3465" status="PASS">
          <reporter-output>
          </reporter-output>
        </test-method> <!-- closeBrowser -->
      </class> <!-- Yad2.Tests.VehicleTypesComparisonTest03 -->
      <class name="Yad2.Tests.TruckSortingComparisonTest05">
        <test-method is-config="true" signature="launchApplication()[pri:0, instance:Yad2.Tests.TruckSortingComparisonTest05@4e0ae11f]" started-at="2024-06-30T23:11:57 IDT" name="launchApplication" finished-at="2024-06-30T23:12:02 IDT" duration-ms="4383" status="PASS">
          <reporter-output>
          </reporter-output>
        </test-method> <!-- launchApplication -->
        <test-method signature="TruckSortingComparisonTest05()[pri:0, instance:Yad2.Tests.TruckSortingComparisonTest05@4e0ae11f]" started-at="2024-06-30T23:12:02 IDT" name="TruckSortingComparisonTest05" finished-at="2024-06-30T23:12:27 IDT" duration-ms="25352" status="PASS">
          <reporter-output>
          </reporter-output>
        </test-method> <!-- TruckSortingComparisonTest05 -->
        <test-method is-config="true" signature="closeBrowser()[pri:0, instance:Yad2.Tests.TruckSortingComparisonTest05@4e0ae11f]" started-at="2024-06-30T23:12:27 IDT" name="closeBrowser" finished-at="2024-06-30T23:12:31 IDT" duration-ms="3452" status="PASS">
          <reporter-output>
          </reporter-output>
        </test-method> <!-- closeBrowser -->
      </class> <!-- Yad2.Tests.TruckSortingComparisonTest05 -->
      <class name="Yad2.Tests.TruckSearchDetailedPageComparisonTest06">
        <test-method is-config="true" signature="launchApplication()[pri:0, instance:Yad2.Tests.TruckSearchDetailedPageComparisonTest06@238d68ff]" started-at="2024-06-30T23:12:31 IDT" name="launchApplication" finished-at="2024-06-30T23:12:34 IDT" duration-ms="3532" status="PASS">
          <reporter-output>
          </reporter-output>
        </test-method> <!-- launchApplication -->
        <test-method signature="TruckSearchDetailedPageComparisonTest06()[pri:0, instance:Yad2.Tests.TruckSearchDetailedPageComparisonTest06@238d68ff]" started-at="2024-06-30T23:12:34 IDT" name="TruckSearchDetailedPageComparisonTest06" finished-at="2024-06-30T23:12:44 IDT" duration-ms="10309" status="PASS">
          <reporter-output>
          </reporter-output>
        </test-method> <!-- TruckSearchDetailedPageComparisonTest06 -->
        <test-method is-config="true" signature="closeBrowser()[pri:0, instance:Yad2.Tests.TruckSearchDetailedPageComparisonTest06@238d68ff]" started-at="2024-06-30T23:12:44 IDT" name="closeBrowser" finished-at="2024-06-30T23:12:48 IDT" duration-ms="3479" status="PASS">
          <reporter-output>
          </reporter-output>
        </test-method> <!-- closeBrowser -->
      </class> <!-- Yad2.Tests.TruckSearchDetailedPageComparisonTest06 -->
    </test> <!-- Project Yad2 OOPs -->
  </suite> <!-- Suite -->
</testng-results>
